# JRE version: OpenJDK Runtime Environment (8.0_152-b01) (build 1.8.0_152-release-884-b01)
# Java VM: OpenJDK 64-Bit Server VM (25.152-b01 mixed mode linux-amd64 compressed oops)
Heap:
 PSYoungGen      total 127488K, used 9611K [0x00000000e0000000, 0x00000000eae80000, 0x0000000100000000)
  eden space 121856K, 3% used [0x00000000e0000000,0x00000000e04296d0,0x00000000e7700000)
  from space 5632K, 94% used [0x00000000ea900000,0x00000000eae39690,0x00000000eae80000)
  to   space 19456K, 0% used [0x00000000e8880000,0x00000000e8880000,0x00000000e9b80000)
 ParOldGen       total 147456K, used 48670K [0x00000000a0000000, 0x00000000a9000000, 0x00000000e0000000)
  object space 147456K, 33% used [0x00000000a0000000,0x00000000a2f87978,0x00000000a9000000)
 Metaspace       used 73024K, capacity 76114K, committed 76436K, reserved 1116160K
  class space    used 9370K, capacity 10068K, committed 10172K, reserved 1048576K
GC Heap History (10 events):
Event: 991.376 GC heap before
{Heap before GC invocations=19 (full 3):
 PSYoungGen      total 121344K, used 120902K [0x00000000e0000000, 0x00000000eae00000, 0x0000000100000000)
  eden space 108032K, 100% used [0x00000000e0000000,0x00000000e6980000,0x00000000e6980000)
  from space 13312K, 96% used [0x00000000e9500000,0x00000000ea191a28,0x00000000ea200000)
  to   space 12288K, 0% used [0x00000000ea200000,0x00000000ea200000,0x00000000eae00000)
 ParOldGen       total 147456K, used 33022K [0x00000000a0000000, 0x00000000a9000000, 0x00000000e0000000)
  object space 147456K, 22% used [0x00000000a0000000,0x00000000a203fa80,0x00000000a9000000)
 Metaspace       used 70948K, capacity 73680K, committed 73876K, reserved 1114112K
  class space    used 9214K, capacity 9843K, committed 9916K, reserved 1048576K
Event: 991.417 GC heap after
Heap after GC invocations=19 (full 3):
 PSYoungGen      total 117760K, used 12256K [0x00000000e0000000, 0x00000000eae00000, 0x0000000100000000)
  eden space 105472K, 0% used [0x00000000e0000000,0x00000000e0000000,0x00000000e6700000)
  from space 12288K, 99% used [0x00000000ea200000,0x00000000eadf8210,0x00000000eae00000)
  to   space 19968K, 0% used [0x00000000e8700000,0x00000000e8700000,0x00000000e9a80000)
 ParOldGen       total 147456K, used 37942K [0x00000000a0000000, 0x00000000a9000000, 0x00000000e0000000)
  object space 147456K, 25% used [0x00000000a0000000,0x00000000a250d8a0,0x00000000a9000000)
 Metaspace       used 70948K, capacity 73680K, committed 73876K, reserved 1114112K
  class space    used 9214K, capacity 9843K, committed 9916K, reserved 1048576K
}
Event: 1030.711 GC heap before
{Heap before GC invocations=20 (full 3):
 PSYoungGen      total 117760K, used 117728K [0x00000000e0000000, 0x00000000eae00000, 0x0000000100000000)
  eden space 105472K, 100% used [0x00000000e0000000,0x00000000e6700000,0x00000000e6700000)
  from space 12288K, 99% used [0x00000000ea200000,0x00000000eadf8210,0x00000000eae00000)
  to   space 19968K, 0% used [0x00000000e8700000,0x00000000e8700000,0x00000000e9a80000)
 ParOldGen       total 147456K, used 37942K [0x00000000a0000000, 0x00000000a9000000, 0x00000000e0000000)
  object space 147456K, 25% used [0x00000000a0000000,0x00000000a250d8a0,0x00000000a9000000)
 Metaspace       used 71645K, capacity 74350K, committed 74516K, reserved 1114112K
  class space    used 9309K, capacity 9938K, committed 10044K, reserved 1048576K
Event: 1030.738 GC heap after
Heap after GC invocations=20 (full 3):
 PSYoungGen      total 113664K, used 10718K [0x00000000e0000000, 0x00000000ea280000, 0x0000000100000000)
  eden space 102912K, 0% used [0x00000000e0000000,0x00000000e0000000,0x00000000e6480000)
  from space 10752K, 99% used [0x00000000e8700000,0x00000000e9177b68,0x00000000e9180000)
  to   space 17408K, 0% used [0x00000000e9180000,0x00000000e9180000,0x00000000ea280000)
 ParOldGen       total 147456K, used 40404K [0x00000000a0000000, 0x00000000a9000000, 0x00000000e0000000)
  object space 147456K, 27% used [0x00000000a0000000,0x00000000a2775390,0x00000000a9000000)
 Metaspace       used 71645K, capacity 74350K, committed 74516K, reserved 1114112K
  class space    used 9309K, capacity 9938K, committed 10044K, reserved 1048576K
}
Event: 1032.584 GC heap before
{Heap before GC invocations=21 (full 3):
 PSYoungGen      total 113664K, used 113630K [0x00000000e0000000, 0x00000000ea280000, 0x0000000100000000)
  eden space 102912K, 100% used [0x00000000e0000000,0x00000000e6480000,0x00000000e6480000)
  from space 10752K, 99% used [0x00000000e8700000,0x00000000e9177b68,0x00000000e9180000)
  to   space 17408K, 0% used [0x00000000e9180000,0x00000000e9180000,0x00000000ea280000)
 ParOldGen       total 147456K, used 40404K [0x00000000a0000000, 0x00000000a9000000, 0x00000000e0000000)
  object space 147456K, 27% used [0x00000000a0000000,0x00000000a2775390,0x00000000a9000000)
 Metaspace       used 72223K, capacity 75122K, committed 75284K, reserved 1114112K
  class space    used 9327K, capacity 9970K, committed 10044K, reserved 1048576K
Event: 1032.614 GC heap after
Heap after GC invocations=21 (full 3):
 PSYoungGen      total 138752K, used 13184K [0x00000000e0000000, 0x00000000e9f00000, 0x0000000100000000)
  eden space 124928K, 0% used [0x00000000e0000000,0x00000000e0000000,0x00000000e7a00000)
  from space 13824K, 95% used [0x00000000e9180000,0x00000000e9e601e0,0x00000000e9f00000)
  to   space 18944K, 0% used [0x00000000e7a00000,0x00000000e7a00000,0x00000000e8c80000)
 ParOldGen       total 147456K, used 40412K [0x00000000a0000000, 0x00000000a9000000, 0x00000000e0000000)
  object space 147456K, 27% used [0x00000000a0000000,0x00000000a2777390,0x00000000a9000000)
 Metaspace       used 72223K, capacity 75122K, committed 75284K, reserved 1114112K
  class space    used 9327K, capacity 9970K, committed 10044K, reserved 1048576K
}
Event: 1033.867 GC heap before
{Heap before GC invocations=22 (full 3):
 PSYoungGen      total 138752K, used 138112K [0x00000000e0000000, 0x00000000e9f00000, 0x0000000100000000)
  eden space 124928K, 100% used [0x00000000e0000000,0x00000000e7a00000,0x00000000e7a00000)
  from space 13824K, 95% used [0x00000000e9180000,0x00000000e9e601e0,0x00000000e9f00000)
  to   space 18944K, 0% used [0x00000000e7a00000,0x00000000e7a00000,0x00000000e8c80000)
 ParOldGen       total 147456K, used 40412K [0x00000000a0000000, 0x00000000a9000000, 0x00000000e0000000)
  object space 147456K, 27% used [0x00000000a0000000,0x00000000a2777390,0x00000000a9000000)
 Metaspace       used 72396K, capacity 75290K, committed 75540K, reserved 1114112K
  class space    used 9330K, capacity 9976K, committed 10044K, reserved 1048576K
Event: 1033.887 GC heap after
Heap after GC invocations=22 (full 3):
 PSYoungGen      total 143872K, used 8157K [0x00000000e0000000, 0x00000000ebb80000, 0x0000000100000000)
  eden space 124928K, 0% used [0x00000000e0000000,0x00000000e0000000,0x00000000e7a00000)
  from space 18944K, 43% used [0x00000000e7a00000,0x00000000e81f75e0,0x00000000e8c80000)
  to   space 18944K, 0% used [0x00000000ea900000,0x00000000ea900000,0x00000000ebb80000)
 ParOldGen       total 147456K, used 46714K [0x00000000a0000000, 0x00000000a9000000, 0x00000000e0000000)
  object space 147456K, 31% used [0x00000000a0000000,0x00000000a2d9e8d8,0x00000000a9000000)
 Metaspace       used 72396K, capacity 75290K, committed 75540K, reserved 1114112K
  class space    used 9330K, capacity 9976K, committed 10044K, reserved 1048576K
}
Event: 1184.011 GC heap before
{Heap before GC invocations=23 (full 3):
 PSYoungGen      total 143872K, used 133085K [0x00000000e0000000, 0x00000000ebb80000, 0x0000000100000000)
  eden space 124928K, 100% used [0x00000000e0000000,0x00000000e7a00000,0x00000000e7a00000)
  from space 18944K, 43% used [0x00000000e7a00000,0x00000000e81f75e0,0x00000000e8c80000)
  to   space 18944K, 0% used [0x00000000ea900000,0x00000000ea900000,0x00000000ebb80000)
 ParOldGen       total 147456K, used 46714K [0x00000000a0000000, 0x00000000a9000000, 0x00000000e0000000)
  object space 147456K, 31% used [0x00000000a0000000,0x00000000a2d9e8d8,0x00000000a9000000)
 Metaspace       used 73005K, capacity 76110K, committed 76436K, reserved 1116160K
  class space    used 9370K, capacity 10068K, committed 10172K, reserved 1048576K
Event: 1184.048 GC heap after
Heap after GC invocations=23 (full 3):
 PSYoungGen      total 127488K, used 5349K [0x00000000e0000000, 0x00000000eae80000, 0x0000000100000000)
  eden space 121856K, 0% used [0x00000000e0000000,0x00000000e0000000,0x00000000e7700000)
  from space 5632K, 94% used [0x00000000ea900000,0x00000000eae39690,0x00000000eae80000)
  to   space 19456K, 0% used [0x00000000e8880000,0x00000000e8880000,0x00000000e9b80000)
 ParOldGen       total 147456K, used 48670K [0x00000000a0000000, 0x00000000a9000000, 0x00000000e0000000)
  object space 147456K, 33% used [0x00000000a0000000,0x00000000a2f87978,0x00000000a9000000)
 Metaspace       used 73005K, capacity 76110K, committed 76436K, reserved 1116160K
  class space    used 9370K, capacity 10068K, committed 10172K, reserved 1048576K
}

